global_palette.h
global_palette.c
title.h
title.c
brick.h
brick.c
box.h
box.c
floor.h
floor.c
goal.h
goal.c
player.h
player.c
solved_box.h
solved_box.c
help_button.h
help_button.c
help_button_hovered.h
help_button_hovered.c
play_button.h
play_button.c
play_button_hovered.h
play_button_hovered.c
exit_button.h
exit_button.c
exit_button_hovered.h
exit_button_hovered.c
down_arrow.h
down_arrow.c
up_arrow.h
up_arrow.c
home_no_cursor.h
home_no_cursor.c
home_with_cursor.h
home_with_cursor.c
home_screen_right.h
home_screen_right.c
home_screen_right_charging.h
home_screen_right_charging.c
gfx.h
